In file included from [01m[K/opt/ros/humble/include/rclcpp/rclcpp/logging.hpp:24[m[K,
                 from [01m[K/opt/ros/humble/include/rclcpp/rclcpp/client.hpp:40[m[K,
                 from [01m[K/opt/ros/humble/include/rclcpp/rclcpp/callback_group.hpp:24[m[K,
                 from [01m[K/opt/ros/humble/include/rclcpp/rclcpp/any_executable.hpp:20[m[K,
                 from [01m[K/opt/ros/humble/include/rclcpp/rclcpp/memory_strategy.hpp:25[m[K,
                 from [01m[K/opt/ros/humble/include/rclcpp/rclcpp/memory_strategies.hpp:18[m[K,
                 from [01m[K/opt/ros/humble/include/rclcpp/rclcpp/executor_options.hpp:20[m[K,
                 from [01m[K/opt/ros/humble/include/rclcpp/rclcpp/executor.hpp:37[m[K,
                 from [01m[K/opt/ros/humble/include/rclcpp/rclcpp/executors/multi_threaded_executor.hpp:25[m[K,
                 from [01m[K/opt/ros/humble/include/rclcpp/rclcpp/executors.hpp:21[m[K,
                 from [01m[K/opt/ros/humble/include/rclcpp/rclcpp/rclcpp.hpp:155[m[K,
                 from [01m[K/home/ubuntu/Desktop/ros2_service_ws/src/motor_control_pkg/src/motor_control_node.cpp:1[m[K:
[01m[K/home/ubuntu/Desktop/ros2_service_ws/src/motor_control_pkg/src/motor_control_node.cpp:[m[K In member function â€˜[01m[Kvoid MotorControlNode::setParametersCallback(std::shared_ptr<rcl_interfaces::srv::SetParameters_Request_<std::allocator<void> > >, std::shared_ptr<rcl_interfaces::srv::SetParameters_Response_<std::allocator<void> > >, int)[m[Kâ€™:
[01m[K/home/ubuntu/Desktop/ros2_service_ws/src/motor_control_pkg/src/motor_control_node.cpp:55:113:[m[K [01;31m[Kerror: [m[Kâ€˜[01m[Kconst _value_type[m[Kâ€™ {aka â€˜[01m[Kconst struct rcl_interfaces::msg::ParameterValue_<std::allocator<void> >[m[Kâ€™} has no member named â€˜[01m[Kto_string[m[Kâ€™
   55 |  %s", param_prefix.c_str(), param.name.c_str(), param.value.[01;31m[Kto_string[m[K().c_str());
      |                                                             [01;31m[K^~~~~~~~~[m[K

gmake[2]: *** [CMakeFiles/motor_control_node.dir/build.make:76: CMakeFiles/motor_control_node.dir/src/motor_control_node.cpp.o] Error 1
gmake[1]: *** [CMakeFiles/Makefile2:137: CMakeFiles/motor_control_node.dir/all] Error 2
gmake: *** [Makefile:146: all] Error 2
