[0.012s] Invoking command in '/home/ubuntu/Desktop/ros2_service_ws/build/motor_control_pkg': CMAKE_PREFIX_PATH=/opt/ros/humble /usr/bin/cmake --build /home/ubuntu/Desktop/ros2_service_ws/build/motor_control_pkg -- -j8 -l8
[0.104s] [35m[1mConsolidate compiler generated dependencies of target motor_control_node[0m
[0.134s] [ 50%] [32mBuilding CXX object CMakeFiles/motor_control_node.dir/src/motor_control_node.cpp.o[0m
[0.473s] [01m[K/home/ubuntu/Desktop/ros2_service_ws/src/motor_control_pkg/src/motor_control_node.cpp:52:21:[m[K [01;31m[Kerror: [m[Kextended character Â¶ is not valid in an identifier
[0.473s]    52 |     for (const auto [01;31m[KÂ¶[m[Km : request->parameters) {
[0.473s]       |                     [01;31m[K^[m[K
[2.689s] [01m[K/home/ubuntu/Desktop/ros2_service_ws/src/motor_control_pkg/src/motor_control_node.cpp:[m[K In member function â€˜[01m[Kvoid MotorControlNode::setParametersCallback(std::shared_ptr<rcl_interfaces::srv::SetParameters_Request_<std::allocator<void> > >, std::shared_ptr<rcl_interfaces::srv::SetParameters_Response_<std::allocator<void> > >, int)[m[Kâ€™:
[2.689s] [01m[K/home/ubuntu/Desktop/ros2_service_ws/src/motor_control_pkg/src/motor_control_node.cpp:52:21:[m[K [01;35m[Kwarning: [m[Kloop variable â€˜[01m[KÂ¶m[m[Kâ€™ creates a copy from type â€˜[01m[Kconst rcl_interfaces::msg::Parameter_<std::allocator<void> >[m[Kâ€™ [[01;35m[K]8;;https://gcc.gnu.org/onlinedocs/gcc/Warning-Options.html#index-Wrange-loop-construct-Wrange-loop-construct]8;;[m[K]
[2.689s]    52 |     for (const auto [01;35m[KÂ¶m[m[K : request->parameters) {
[2.689s]       |                     [01;35m[K^~[m[K
[2.689s] [01m[K/home/ubuntu/Desktop/ros2_service_ws/src/motor_control_pkg/src/motor_control_node.cpp:52:21:[m[K [01;36m[Knote: [m[Kuse reference type to prevent copying
[2.689s]    52 |     for (const auto [01;36m[KÂ¶m[m[K : request->parameters) {
[2.689s]       |                     [01;36m[K^~[m[K
[2.689s]       |                     [32m[K&[m[K
[2.694s] [01m[K/home/ubuntu/Desktop/ros2_service_ws/src/motor_control_pkg/src/motor_control_node.cpp:54:56:[m[K [01;31m[Kerror: [m[Kâ€˜[01m[Kparam[m[Kâ€™ was not declared in this scope
[2.694s]    54 |         set_parameter(rclcpp::Parameter(param_prefix + [01;31m[Kparam[m[K.name, param.value));
[2.694s]       |                                                        [01;31m[K^~~~~[m[K
[2.700s] In file included from [01m[K/opt/ros/humble/include/rclcpp/rclcpp/logging.hpp:24[m[K,
[2.700s]                  from [01m[K/opt/ros/humble/include/rclcpp/rclcpp/client.hpp:40[m[K,
[2.700s]                  from [01m[K/opt/ros/humble/include/rclcpp/rclcpp/callback_group.hpp:24[m[K,
[2.700s]                  from [01m[K/opt/ros/humble/include/rclcpp/rclcpp/any_executable.hpp:20[m[K,
[2.700s]                  from [01m[K/opt/ros/humble/include/rclcpp/rclcpp/memory_strategy.hpp:25[m[K,
[2.700s]                  from [01m[K/opt/ros/humble/include/rclcpp/rclcpp/memory_strategies.hpp:18[m[K,
[2.700s]                  from [01m[K/opt/ros/humble/include/rclcpp/rclcpp/executor_options.hpp:20[m[K,
[2.700s]                  from [01m[K/opt/ros/humble/include/rclcpp/rclcpp/executor.hpp:37[m[K,
[2.700s]                  from [01m[K/opt/ros/humble/include/rclcpp/rclcpp/executors/multi_threaded_executor.hpp:25[m[K,
[2.700s]                  from [01m[K/opt/ros/humble/include/rclcpp/rclcpp/executors.hpp:21[m[K,
[2.700s]                  from [01m[K/opt/ros/humble/include/rclcpp/rclcpp/rclcpp.hpp:155[m[K,
[2.700s]                  from [01m[K/home/ubuntu/Desktop/ros2_service_ws/src/motor_control_pkg/src/motor_control_node.cpp:1[m[K:
[2.700s] [01m[K/home/ubuntu/Desktop/ros2_service_ws/src/motor_control_pkg/src/motor_control_node.cpp:59:44:[m[K [01;31m[Kerror: [m[Kâ€˜[01m[Kparam[m[Kâ€™ was not declared in this scope
[2.701s]    59 |                      param_prefix.c_str(), [01;31m[Kparam[m[K.name.c_str(), e.what());
[2.701s]       |                                            [01;31m[K^~~~~[m[K
[3.351s] gmake[2]: *** [CMakeFiles/motor_control_node.dir/build.make:76: CMakeFiles/motor_control_node.dir/src/motor_control_node.cpp.o] Error 1
[3.352s] gmake[1]: *** [CMakeFiles/Makefile2:137: CMakeFiles/motor_control_node.dir/all] Error 2
[3.352s] gmake: *** [Makefile:146: all] Error 2
[3.354s] Invoked command in '/home/ubuntu/Desktop/ros2_service_ws/build/motor_control_pkg' returned '2': CMAKE_PREFIX_PATH=/opt/ros/humble /usr/bin/cmake --build /home/ubuntu/Desktop/ros2_service_ws/build/motor_control_pkg -- -j8 -l8
